c:\users\guo\source\repos\displayaffinitymanager\affinitystatus\release\affinitystatus.pch
c:\users\guo\source\repos\displayaffinitymanager\affinitystatus\release\vc143.pdb
c:\users\guo\source\repos\displayaffinitymanager\affinitystatus\release\pch.obj
c:\users\guo\source\repos\displayaffinitymanager\affinitystatus\release\dllmain.obj
c:\users\guo\source\repos\displayaffinitymanager\release\affinitystatus.dll
c:\users\guo\source\repos\displayaffinitymanager\release\affinitystatus.pdb
c:\users\guo\source\repos\displayaffinitymanager\affinitystatus\release\affinitystatus.res
c:\users\guo\source\repos\displayaffinitymanager\affinitystatus\release\affinitystatus.ipdb
c:\users\guo\source\repos\displayaffinitymanager\affinitystatus\release\affinitystatus.iobj
c:\users\guo\source\repos\displayaffinitymanager\affinitystatus\release\affinitystatus.tlog\cl.command.1.tlog
c:\users\guo\source\repos\displayaffinitymanager\affinitystatus\release\affinitystatus.tlog\cl.items.tlog
c:\users\guo\source\repos\displayaffinitymanager\affinitystatus\release\affinitystatus.tlog\cl.read.1.tlog
c:\users\guo\source\repos\displayaffinitymanager\affinitystatus\release\affinitystatus.tlog\cl.write.1.tlog
c:\users\guo\source\repos\displayaffinitymanager\affinitystatus\release\affinitystatus.tlog\link.command.1.tlog
c:\users\guo\source\repos\displayaffinitymanager\affinitystatus\release\affinitystatus.tlog\link.read.1.tlog
c:\users\guo\source\repos\displayaffinitymanager\affinitystatus\release\affinitystatus.tlog\link.secondary.1.tlog
c:\users\guo\source\repos\displayaffinitymanager\affinitystatus\release\affinitystatus.tlog\link.write.1.tlog
c:\users\guo\source\repos\displayaffinitymanager\affinitystatus\release\affinitystatus.tlog\rc.command.1.tlog
c:\users\guo\source\repos\displayaffinitymanager\affinitystatus\release\affinitystatus.tlog\rc.read.1.tlog
c:\users\guo\source\repos\displayaffinitymanager\affinitystatus\release\affinitystatus.tlog\rc.write.1.tlog
