c:\users\guo\source\repos\displayaffinitymanager\affinityhide\x64\release\affinityhide.pch
c:\users\guo\source\repos\displayaffinitymanager\affinityhide\x64\release\vc143.pdb
c:\users\guo\source\repos\displayaffinitymanager\affinityhide\x64\release\pch.obj
c:\users\guo\source\repos\displayaffinitymanager\affinityhide\x64\release\dllmain.obj
d:\01-戴栎泽\其它\vs\displayaffinitymanager\x64\release\affinityhide.dll
d:\01-戴栎泽\其它\vs\displayaffinitymanager\x64\release\affinityhide.pdb
c:\users\guo\source\repos\displayaffinitymanager\x64\release\affinityhide.dll
c:\users\guo\source\repos\displayaffinitymanager\x64\release\affinityhide.pdb
d:\01-戴栎泽\其它\vs\displayaffinitymanager\affinityhide\x64\release\affinityhide.res
c:\users\guo\source\repos\displayaffinitymanager\affinityhide\x64\release\affinityhide.res
c:\users\guo\source\repos\displayaffinitymanager\affinityhide\x64\release\affinityhide.ipdb
c:\users\guo\source\repos\displayaffinitymanager\affinityhide\x64\release\affinityhide.iobj
c:\users\guo\source\repos\displayaffinitymanager\affinityhide\x64\release\affinityhide.tlog\cl.command.1.tlog
c:\users\guo\source\repos\displayaffinitymanager\affinityhide\x64\release\affinityhide.tlog\cl.items.tlog
c:\users\guo\source\repos\displayaffinitymanager\affinityhide\x64\release\affinityhide.tlog\cl.read.1.tlog
c:\users\guo\source\repos\displayaffinitymanager\affinityhide\x64\release\affinityhide.tlog\cl.write.1.tlog
c:\users\guo\source\repos\displayaffinitymanager\affinityhide\x64\release\affinityhide.tlog\link.command.1.tlog
c:\users\guo\source\repos\displayaffinitymanager\affinityhide\x64\release\affinityhide.tlog\link.read.1.tlog
c:\users\guo\source\repos\displayaffinitymanager\affinityhide\x64\release\affinityhide.tlog\link.secondary.1.tlog
c:\users\guo\source\repos\displayaffinitymanager\affinityhide\x64\release\affinityhide.tlog\link.write.1.tlog
c:\users\guo\source\repos\displayaffinitymanager\affinityhide\x64\release\affinityhide.tlog\rc.command.1.tlog
c:\users\guo\source\repos\displayaffinitymanager\affinityhide\x64\release\affinityhide.tlog\rc.read.1.tlog
c:\users\guo\source\repos\displayaffinitymanager\affinityhide\x64\release\affinityhide.tlog\rc.write.1.tlog
