c:\users\guo\source\repos\displayaffinitymanager\displaya.12bc581e\x64\release\vc143.pdb
c:\users\guo\source\repos\displayaffinitymanager\displaya.12bc581e\x64\release\main.obj
d:\01-戴栎泽\其它\vs\displayaffinitymanager\x64\release\displayaffinitymanager.exe
d:\01-戴栎泽\其它\vs\displayaffinitymanager\x64\release\displayaffinitymanager.pdb
c:\users\guo\source\repos\displayaffinitymanager\x64\release\displayaffinitymanager.exe
c:\users\guo\source\repos\displayaffinitymanager\x64\release\displayaffinitymanager.pdb
d:\01-戴栎泽\其它\vs\displayaffinitymanager\displaya.12bc581e\x64\release\displayaffinitymanager.res
c:\users\guo\source\repos\displayaffinitymanager\displaya.12bc581e\x64\release\displayaffinitymanager.res
c:\users\guo\source\repos\displayaffinitymanager\displaya.12bc581e\x64\release\displayaffinitymanager.ipdb
c:\users\guo\source\repos\displayaffinitymanager\displaya.12bc581e\x64\release\displayaffinitymanager.iobj
c:\users\guo\source\repos\displayaffinitymanager\displaya.12bc581e\x64\release\displaya.12bc581e.tlog\cl.command.1.tlog
c:\users\guo\source\repos\displayaffinitymanager\displaya.12bc581e\x64\release\displaya.12bc581e.tlog\cl.items.tlog
c:\users\guo\source\repos\displayaffinitymanager\displaya.12bc581e\x64\release\displaya.12bc581e.tlog\cl.read.1.tlog
c:\users\guo\source\repos\displayaffinitymanager\displaya.12bc581e\x64\release\displaya.12bc581e.tlog\cl.write.1.tlog
c:\users\guo\source\repos\displayaffinitymanager\displaya.12bc581e\x64\release\displaya.12bc581e.tlog\link.command.1.tlog
c:\users\guo\source\repos\displayaffinitymanager\displaya.12bc581e\x64\release\displaya.12bc581e.tlog\link.read.1.tlog
c:\users\guo\source\repos\displayaffinitymanager\displaya.12bc581e\x64\release\displaya.12bc581e.tlog\link.secondary.1.tlog
c:\users\guo\source\repos\displayaffinitymanager\displaya.12bc581e\x64\release\displaya.12bc581e.tlog\link.write.1.tlog
c:\users\guo\source\repos\displayaffinitymanager\displaya.12bc581e\x64\release\displaya.12bc581e.tlog\rc.command.1.tlog
c:\users\guo\source\repos\displayaffinitymanager\displaya.12bc581e\x64\release\displaya.12bc581e.tlog\rc.read.1.tlog
c:\users\guo\source\repos\displayaffinitymanager\displaya.12bc581e\x64\release\displaya.12bc581e.tlog\rc.write.1.tlog
